<?xml version="1.0" encoding="UTF-8"?>
<!-- Generated by org.testng.reporters.JUnitReportReporter -->
<testsuite hostname="DESKTOP-ATN5VA1" failures="0" tests="1" name="com.bank.testcases.TC_AddNewUserTeat_002" time="10.528" errors="0" timestamp="2021-12-26T10:51:09 IST" skipped="0">
  <testcase classname="com.bank.testcases.TC_AddNewUserTeat_002" name="ValidatingAddCustomer" time="10.528"/>
  <system-out/>
</testsuite> <!-- com.bank.testcases.TC_AddNewUserTeat_002 -->
