<?xml version="1.0" encoding="UTF-8"?>
<!-- Generated by org.testng.reporters.JUnitReportReporter -->
<testsuite hostname="DESKTOP-ATN5VA1" failures="0" tests="1" name="com.bank.testcases.TC_Logintest_001" time="10.912" errors="0" timestamp="2021-12-24T00:04:03 IST" skipped="0">
  <testcase classname="com.bank.testcases.TC_Logintest_001" name="logingTest" time="10.912"/>
  <system-out/>
</testsuite> <!-- com.bank.testcases.TC_Logintest_001 -->
